<?xml version="1.0" encoding="UTF-8"?>
<testsuite xmlns:xsi="http://www.w3.org/2001/XMLSchema-instance" xsi:noNamespaceSchemaLocation="https://maven.apache.org/surefire/maven-surefire-plugin/xsd/surefire-test-report.xsd" name="com.TestingOpencart.TestBase" time="0.632" tests="0" errors="0" skipped="0" failures="0">
  <properties>
    <property name="sun.desktop" value="gnome"/>
    <property name="awt.toolkit" value="sun.awt.X11.XToolkit"/>
    <property name="file.encoding.pkg" value="sun.io"/>
    <property name="java.specification.version" value="1.8"/>
    <property name="sun.cpu.isalist" value=""/>
    <property name="sun.jnu.encoding" value="UTF-8"/>
    <property name="java.class.path" value="/home/abhinav/workspace/Java/POMTest/target/test-classes:/home/abhinav/workspace/Java/POMTest/target/classes:/home/abhinav/.m2/repository/junit/junit/3.8.1/junit-3.8.1.jar:/home/abhinav/.m2/repository/com/fasterxml/jackson/core/jackson-databind/2.7.0/jackson-databind-2.7.0.jar:/home/abhinav/.m2/repository/com/fasterxml/jackson/core/jackson-annotations/2.7.0/jackson-annotations-2.7.0.jar:/home/abhinav/.m2/repository/com/fasterxml/jackson/core/jackson-core/2.7.0/jackson-core-2.7.0.jar:/home/abhinav/.m2/repository/io/github/bonigarcia/webdrivermanager/2.2.1/webdrivermanager-2.2.1.jar:/home/abhinav/.m2/repository/org/slf4j/slf4j-api/1.7.24/slf4j-api-1.7.24.jar:/home/abhinav/.m2/repository/commons-io/commons-io/2.5/commons-io-2.5.jar:/home/abhinav/.m2/repository/com/google/code/gson/gson/2.8.0/gson-2.8.0.jar:/home/abhinav/.m2/repository/org/apache/commons/commons-lang3/3.5/commons-lang3-3.5.jar:/home/abhinav/.m2/repository/org/apache/httpcomponents/httpclient/4.5.3/httpclient-4.5.3.jar:/home/abhinav/.m2/repository/org/apache/httpcomponents/httpcore/4.4.6/httpcore-4.4.6.jar:/home/abhinav/.m2/repository/commons-logging/commons-logging/1.2/commons-logging-1.2.jar:/home/abhinav/.m2/repository/org/rauschig/jarchivelib/0.7.1/jarchivelib-0.7.1.jar:/home/abhinav/.m2/repository/org/apache/commons/commons-compress/1.9/commons-compress-1.9.jar:/home/abhinav/.m2/repository/ch/qos/logback/logback-classic/1.2.3/logback-classic-1.2.3.jar:/home/abhinav/.m2/repository/ch/qos/logback/logback-core/1.2.3/logback-core-1.2.3.jar:/home/abhinav/.m2/repository/org/jsoup/jsoup/1.11.3/jsoup-1.11.3.jar:/home/abhinav/.m2/repository/org/apache/maven/surefire/common-java5/2.16/common-java5-2.16.jar:/home/abhinav/.m2/repository/org/apache/maven/surefire/surefire-api/2.16/surefire-api-2.16.jar:/home/abhinav/.m2/repository/org/seleniumhq/selenium/selenium-java/2.53.1/selenium-java-2.53.1.jar:/home/abhinav/.m2/repository/org/seleniumhq/selenium/selenium-chrome-driver/2.53.1/selenium-chrome-driver-2.53.1.jar:/home/abhinav/.m2/repository/org/seleniumhq/selenium/selenium-remote-driver/2.53.1/selenium-remote-driver-2.53.1.jar:/home/abhinav/.m2/repository/cglib/cglib-nodep/2.1_3/cglib-nodep-2.1_3.jar:/home/abhinav/.m2/repository/org/seleniumhq/selenium/selenium-api/2.53.1/selenium-api-2.53.1.jar:/home/abhinav/.m2/repository/com/google/guava/guava/19.0/guava-19.0.jar:/home/abhinav/.m2/repository/org/seleniumhq/selenium/selenium-edge-driver/2.53.1/selenium-edge-driver-2.53.1.jar:/home/abhinav/.m2/repository/org/apache/commons/commons-exec/1.3/commons-exec-1.3.jar:/home/abhinav/.m2/repository/org/seleniumhq/selenium/htmlunit-driver/2.21/htmlunit-driver-2.21.jar:/home/abhinav/.m2/repository/net/sourceforge/htmlunit/htmlunit/2.21/htmlunit-2.21.jar:/home/abhinav/.m2/repository/xalan/xalan/2.7.2/xalan-2.7.2.jar:/home/abhinav/.m2/repository/xalan/serializer/2.7.2/serializer-2.7.2.jar:/home/abhinav/.m2/repository/net/sourceforge/htmlunit/htmlunit-core-js/2.17/htmlunit-core-js-2.17.jar:/home/abhinav/.m2/repository/net/sourceforge/htmlunit/neko-htmlunit/2.21/neko-htmlunit-2.21.jar:/home/abhinav/.m2/repository/xerces/xercesImpl/2.11.0/xercesImpl-2.11.0.jar:/home/abhinav/.m2/repository/net/sourceforge/cssparser/cssparser/0.9.18/cssparser-0.9.18.jar:/home/abhinav/.m2/repository/org/w3c/css/sac/1.3/sac-1.3.jar:/home/abhinav/.m2/repository/org/eclipse/jetty/websocket/websocket-client/9.2.15.v20160210/websocket-client-9.2.15.v20160210.jar:/home/abhinav/.m2/repository/org/eclipse/jetty/jetty-util/9.2.15.v20160210/jetty-util-9.2.15.v20160210.jar:/home/abhinav/.m2/repository/org/eclipse/jetty/jetty-io/9.2.15.v20160210/jetty-io-9.2.15.v20160210.jar:/home/abhinav/.m2/repository/org/eclipse/jetty/websocket/websocket-common/9.2.15.v20160210/websocket-common-9.2.15.v20160210.jar:/home/abhinav/.m2/repository/org/eclipse/jetty/websocket/websocket-api/9.2.15.v20160210/websocket-api-9.2.15.v20160210.jar:/home/abhinav/.m2/repository/commons-collections/commons-collections/3.2.2/commons-collections-3.2.2.jar:/home/abhinav/.m2/repository/org/seleniumhq/selenium/selenium-firefox-driver/2.53.1/selenium-firefox-driver-2.53.1.jar:/home/abhinav/.m2/repository/org/seleniumhq/selenium/selenium-ie-driver/2.53.1/selenium-ie-driver-2.53.1.jar:/home/abhinav/.m2/repository/net/java/dev/jna/jna/4.1.0/jna-4.1.0.jar:/home/abhinav/.m2/repository/net/java/dev/jna/jna-platform/4.1.0/jna-platform-4.1.0.jar:/home/abhinav/.m2/repository/org/seleniumhq/selenium/selenium-safari-driver/2.53.1/selenium-safari-driver-2.53.1.jar:/home/abhinav/.m2/repository/io/netty/netty/3.5.7.Final/netty-3.5.7.Final.jar:/home/abhinav/.m2/repository/org/seleniumhq/selenium/selenium-support/2.53.1/selenium-support-2.53.1.jar:/home/abhinav/.m2/repository/org/seleniumhq/selenium/selenium-leg-rc/2.53.1/selenium-leg-rc-2.53.1.jar:/home/abhinav/.m2/repository/org/seleniumhq/selenium/selenium-server/3.0.1/selenium-server-3.0.1.jar:/home/abhinav/.m2/repository/com/beust/jcommander/1.48/jcommander-1.48.jar:/home/abhinav/.m2/repository/net/jcip/jcip-annotations/1.0/jcip-annotations-1.0.jar:/home/abhinav/.m2/repository/org/seleniumhq/selenium/jetty-repacked/9.2.13.v20160825/jetty-repacked-9.2.13.v20160825.jar:/home/abhinav/.m2/repository/javax/servlet/javax.servlet-api/3.1.0/javax.servlet-api-3.1.0.jar:/home/abhinav/.m2/repository/org/yaml/snakeyaml/1.15/snakeyaml-1.15.jar:/home/abhinav/.m2/repository/org/apache/poi/poi/3.10-FINAL/poi-3.10-FINAL.jar:/home/abhinav/.m2/repository/commons-codec/commons-codec/1.5/commons-codec-1.5.jar:/home/abhinav/.m2/repository/org/apache/poi/poi-ooxml/3.10-FINAL/poi-ooxml-3.10-FINAL.jar:/home/abhinav/.m2/repository/org/apache/poi/poi-ooxml-schemas/3.10-FINAL/poi-ooxml-schemas-3.10-FINAL.jar:/home/abhinav/.m2/repository/org/apache/xmlbeans/xmlbeans/2.3.0/xmlbeans-2.3.0.jar:/home/abhinav/.m2/repository/stax/stax-api/1.0.1/stax-api-1.0.1.jar:/home/abhinav/.m2/repository/dom4j/dom4j/1.6.1/dom4j-1.6.1.jar:/home/abhinav/.m2/repository/org/testng/testng/6.14.3/testng-6.14.3.jar:/home/abhinav/.m2/repository/org/apache-extras/beanshell/bsh/2.0b6/bsh-2.0b6.jar:/home/abhinav/.m2/repository/org/apache/logging/log4j/log4j-api/2.6.2/log4j-api-2.6.2.jar:/home/abhinav/.m2/repository/org/apache/logging/log4j/log4j-core/2.6.2/log4j-core-2.6.2.jar:/home/abhinav/.m2/repository/xml-apis/xml-apis/1.4.01/xml-apis-1.4.01.jar:/home/abhinav/.m2/repository/com/relevantcodes/extentreports/2.41.2/extentreports-2.41.2.jar:/home/abhinav/.m2/repository/org/xerial/sqlite-jdbc/3.8.11.1/sqlite-jdbc-3.8.11.1.jar:/home/abhinav/.m2/repository/org/freemarker/freemarker/2.3.23/freemarker-2.3.23.jar:/home/abhinav/.m2/repository/org/mongodb/mongodb-driver/3.0.4/mongodb-driver-3.0.4.jar:/home/abhinav/.m2/repository/org/mongodb/bson/3.0.4/bson-3.0.4.jar:/home/abhinav/.m2/repository/org/mongodb/mongodb-driver-core/3.0.4/mongodb-driver-core-3.0.4.jar:/home/abhinav/.m2/repository/log4j/log4j/1.2.14/log4j-1.2.14.jar:/home/abhinav/.m2/repository/com/aventstack/extentreports/3.0.1/extentreports-3.0.1.jar:/home/abhinav/.m2/repository/org/apache/httpcomponents/httpmime/4.5.2/httpmime-4.5.2.jar:"/>
    <property name="java.vm.vendor" value="Private Build"/>
    <property name="sun.arch.data.model" value="64"/>
    <property name="java.vendor.url" value="http://java.oracle.com/"/>
    <property name="user.timezone" value=""/>
    <property name="java.vm.specification.version" value="1.8"/>
    <property name="os.name" value="Linux"/>
    <property name="user.country" value="IN"/>
    <property name="sun.java.launcher" value="SUN_STANDARD"/>
    <property name="sun.boot.library.path" value="/usr/lib/jvm/java-8-openjdk-amd64/jre/lib/amd64"/>
    <property name="sun.java.command" value="/home/abhinav/workspace/Java/POMTest/target/surefire/surefirebooter7261487191357121150.jar /home/abhinav/workspace/Java/POMTest/target/surefire 2020-06-12T17-41-36_470-jvmRun1 surefire1515455841654393350tmp surefire_04993237181537579244tmp"/>
    <property name="surefire.test.class.path" value="/home/abhinav/workspace/Java/POMTest/target/test-classes:/home/abhinav/workspace/Java/POMTest/target/classes:/home/abhinav/.m2/repository/junit/junit/3.8.1/junit-3.8.1.jar:/home/abhinav/.m2/repository/com/fasterxml/jackson/core/jackson-databind/2.7.0/jackson-databind-2.7.0.jar:/home/abhinav/.m2/repository/com/fasterxml/jackson/core/jackson-annotations/2.7.0/jackson-annotations-2.7.0.jar:/home/abhinav/.m2/repository/com/fasterxml/jackson/core/jackson-core/2.7.0/jackson-core-2.7.0.jar:/home/abhinav/.m2/repository/io/github/bonigarcia/webdrivermanager/2.2.1/webdrivermanager-2.2.1.jar:/home/abhinav/.m2/repository/org/slf4j/slf4j-api/1.7.24/slf4j-api-1.7.24.jar:/home/abhinav/.m2/repository/commons-io/commons-io/2.5/commons-io-2.5.jar:/home/abhinav/.m2/repository/com/google/code/gson/gson/2.8.0/gson-2.8.0.jar:/home/abhinav/.m2/repository/org/apache/commons/commons-lang3/3.5/commons-lang3-3.5.jar:/home/abhinav/.m2/repository/org/apache/httpcomponents/httpclient/4.5.3/httpclient-4.5.3.jar:/home/abhinav/.m2/repository/org/apache/httpcomponents/httpcore/4.4.6/httpcore-4.4.6.jar:/home/abhinav/.m2/repository/commons-logging/commons-logging/1.2/commons-logging-1.2.jar:/home/abhinav/.m2/repository/org/rauschig/jarchivelib/0.7.1/jarchivelib-0.7.1.jar:/home/abhinav/.m2/repository/org/apache/commons/commons-compress/1.9/commons-compress-1.9.jar:/home/abhinav/.m2/repository/ch/qos/logback/logback-classic/1.2.3/logback-classic-1.2.3.jar:/home/abhinav/.m2/repository/ch/qos/logback/logback-core/1.2.3/logback-core-1.2.3.jar:/home/abhinav/.m2/repository/org/jsoup/jsoup/1.11.3/jsoup-1.11.3.jar:/home/abhinav/.m2/repository/org/apache/maven/surefire/common-java5/2.16/common-java5-2.16.jar:/home/abhinav/.m2/repository/org/apache/maven/surefire/surefire-api/2.16/surefire-api-2.16.jar:/home/abhinav/.m2/repository/org/seleniumhq/selenium/selenium-java/2.53.1/selenium-java-2.53.1.jar:/home/abhinav/.m2/repository/org/seleniumhq/selenium/selenium-chrome-driver/2.53.1/selenium-chrome-driver-2.53.1.jar:/home/abhinav/.m2/repository/org/seleniumhq/selenium/selenium-remote-driver/2.53.1/selenium-remote-driver-2.53.1.jar:/home/abhinav/.m2/repository/cglib/cglib-nodep/2.1_3/cglib-nodep-2.1_3.jar:/home/abhinav/.m2/repository/org/seleniumhq/selenium/selenium-api/2.53.1/selenium-api-2.53.1.jar:/home/abhinav/.m2/repository/com/google/guava/guava/19.0/guava-19.0.jar:/home/abhinav/.m2/repository/org/seleniumhq/selenium/selenium-edge-driver/2.53.1/selenium-edge-driver-2.53.1.jar:/home/abhinav/.m2/repository/org/apache/commons/commons-exec/1.3/commons-exec-1.3.jar:/home/abhinav/.m2/repository/org/seleniumhq/selenium/htmlunit-driver/2.21/htmlunit-driver-2.21.jar:/home/abhinav/.m2/repository/net/sourceforge/htmlunit/htmlunit/2.21/htmlunit-2.21.jar:/home/abhinav/.m2/repository/xalan/xalan/2.7.2/xalan-2.7.2.jar:/home/abhinav/.m2/repository/xalan/serializer/2.7.2/serializer-2.7.2.jar:/home/abhinav/.m2/repository/net/sourceforge/htmlunit/htmlunit-core-js/2.17/htmlunit-core-js-2.17.jar:/home/abhinav/.m2/repository/net/sourceforge/htmlunit/neko-htmlunit/2.21/neko-htmlunit-2.21.jar:/home/abhinav/.m2/repository/xerces/xercesImpl/2.11.0/xercesImpl-2.11.0.jar:/home/abhinav/.m2/repository/net/sourceforge/cssparser/cssparser/0.9.18/cssparser-0.9.18.jar:/home/abhinav/.m2/repository/org/w3c/css/sac/1.3/sac-1.3.jar:/home/abhinav/.m2/repository/org/eclipse/jetty/websocket/websocket-client/9.2.15.v20160210/websocket-client-9.2.15.v20160210.jar:/home/abhinav/.m2/repository/org/eclipse/jetty/jetty-util/9.2.15.v20160210/jetty-util-9.2.15.v20160210.jar:/home/abhinav/.m2/repository/org/eclipse/jetty/jetty-io/9.2.15.v20160210/jetty-io-9.2.15.v20160210.jar:/home/abhinav/.m2/repository/org/eclipse/jetty/websocket/websocket-common/9.2.15.v20160210/websocket-common-9.2.15.v20160210.jar:/home/abhinav/.m2/repository/org/eclipse/jetty/websocket/websocket-api/9.2.15.v20160210/websocket-api-9.2.15.v20160210.jar:/home/abhinav/.m2/repository/commons-collections/commons-collections/3.2.2/commons-collections-3.2.2.jar:/home/abhinav/.m2/repository/org/seleniumhq/selenium/selenium-firefox-driver/2.53.1/selenium-firefox-driver-2.53.1.jar:/home/abhinav/.m2/repository/org/seleniumhq/selenium/selenium-ie-driver/2.53.1/selenium-ie-driver-2.53.1.jar:/home/abhinav/.m2/repository/net/java/dev/jna/jna/4.1.0/jna-4.1.0.jar:/home/abhinav/.m2/repository/net/java/dev/jna/jna-platform/4.1.0/jna-platform-4.1.0.jar:/home/abhinav/.m2/repository/org/seleniumhq/selenium/selenium-safari-driver/2.53.1/selenium-safari-driver-2.53.1.jar:/home/abhinav/.m2/repository/io/netty/netty/3.5.7.Final/netty-3.5.7.Final.jar:/home/abhinav/.m2/repository/org/seleniumhq/selenium/selenium-support/2.53.1/selenium-support-2.53.1.jar:/home/abhinav/.m2/repository/org/seleniumhq/selenium/selenium-leg-rc/2.53.1/selenium-leg-rc-2.53.1.jar:/home/abhinav/.m2/repository/org/seleniumhq/selenium/selenium-server/3.0.1/selenium-server-3.0.1.jar:/home/abhinav/.m2/repository/com/beust/jcommander/1.48/jcommander-1.48.jar:/home/abhinav/.m2/repository/net/jcip/jcip-annotations/1.0/jcip-annotations-1.0.jar:/home/abhinav/.m2/repository/org/seleniumhq/selenium/jetty-repacked/9.2.13.v20160825/jetty-repacked-9.2.13.v20160825.jar:/home/abhinav/.m2/repository/javax/servlet/javax.servlet-api/3.1.0/javax.servlet-api-3.1.0.jar:/home/abhinav/.m2/repository/org/yaml/snakeyaml/1.15/snakeyaml-1.15.jar:/home/abhinav/.m2/repository/org/apache/poi/poi/3.10-FINAL/poi-3.10-FINAL.jar:/home/abhinav/.m2/repository/commons-codec/commons-codec/1.5/commons-codec-1.5.jar:/home/abhinav/.m2/repository/org/apache/poi/poi-ooxml/3.10-FINAL/poi-ooxml-3.10-FINAL.jar:/home/abhinav/.m2/repository/org/apache/poi/poi-ooxml-schemas/3.10-FINAL/poi-ooxml-schemas-3.10-FINAL.jar:/home/abhinav/.m2/repository/org/apache/xmlbeans/xmlbeans/2.3.0/xmlbeans-2.3.0.jar:/home/abhinav/.m2/repository/stax/stax-api/1.0.1/stax-api-1.0.1.jar:/home/abhinav/.m2/repository/dom4j/dom4j/1.6.1/dom4j-1.6.1.jar:/home/abhinav/.m2/repository/org/testng/testng/6.14.3/testng-6.14.3.jar:/home/abhinav/.m2/repository/org/apache-extras/beanshell/bsh/2.0b6/bsh-2.0b6.jar:/home/abhinav/.m2/repository/org/apache/logging/log4j/log4j-api/2.6.2/log4j-api-2.6.2.jar:/home/abhinav/.m2/repository/org/apache/logging/log4j/log4j-core/2.6.2/log4j-core-2.6.2.jar:/home/abhinav/.m2/repository/xml-apis/xml-apis/1.4.01/xml-apis-1.4.01.jar:/home/abhinav/.m2/repository/com/relevantcodes/extentreports/2.41.2/extentreports-2.41.2.jar:/home/abhinav/.m2/repository/org/xerial/sqlite-jdbc/3.8.11.1/sqlite-jdbc-3.8.11.1.jar:/home/abhinav/.m2/repository/org/freemarker/freemarker/2.3.23/freemarker-2.3.23.jar:/home/abhinav/.m2/repository/org/mongodb/mongodb-driver/3.0.4/mongodb-driver-3.0.4.jar:/home/abhinav/.m2/repository/org/mongodb/bson/3.0.4/bson-3.0.4.jar:/home/abhinav/.m2/repository/org/mongodb/mongodb-driver-core/3.0.4/mongodb-driver-core-3.0.4.jar:/home/abhinav/.m2/repository/log4j/log4j/1.2.14/log4j-1.2.14.jar:/home/abhinav/.m2/repository/com/aventstack/extentreports/3.0.1/extentreports-3.0.1.jar:/home/abhinav/.m2/repository/org/apache/httpcomponents/httpmime/4.5.2/httpmime-4.5.2.jar:"/>
    <property name="sun.cpu.endian" value="little"/>
    <property name="user.home" value="/home/abhinav"/>
    <property name="user.language" value="en"/>
    <property name="java.specification.vendor" value="Oracle Corporation"/>
    <property name="java.home" value="/usr/lib/jvm/java-8-openjdk-amd64/jre"/>
    <property name="basedir" value="/home/abhinav/workspace/Java/POMTest"/>
    <property name="file.separator" value="/"/>
    <property name="line.separator" value="&#10;"/>
    <property name="java.vm.specification.vendor" value="Oracle Corporation"/>
    <property name="java.specification.name" value="Java Platform API Specification"/>
    <property name="java.awt.graphicsenv" value="sun.awt.X11GraphicsEnvironment"/>
    <property name="surefire.real.class.path" value="/home/abhinav/workspace/Java/POMTest/target/surefire/surefirebooter7261487191357121150.jar"/>
    <property name="sun.boot.class.path" value="/usr/lib/jvm/java-8-openjdk-amd64/jre/lib/resources.jar:/usr/lib/jvm/java-8-openjdk-amd64/jre/lib/rt.jar:/usr/lib/jvm/java-8-openjdk-amd64/jre/lib/sunrsasign.jar:/usr/lib/jvm/java-8-openjdk-amd64/jre/lib/jsse.jar:/usr/lib/jvm/java-8-openjdk-amd64/jre/lib/jce.jar:/usr/lib/jvm/java-8-openjdk-amd64/jre/lib/charsets.jar:/usr/lib/jvm/java-8-openjdk-amd64/jre/lib/jfr.jar:/usr/lib/jvm/java-8-openjdk-amd64/jre/classes"/>
    <property name="sun.management.compiler" value="HotSpot 64-Bit Tiered Compilers"/>
    <property name="java.runtime.version" value="1.8.0_252-8u252-b09-1~18.04-b09"/>
    <property name="user.name" value="abhinav"/>
    <property name="path.separator" value=":"/>
    <property name="os.version" value="5.3.0-53-generic"/>
    <property name="java.endorsed.dirs" value="/usr/lib/jvm/java-8-openjdk-amd64/jre/lib/endorsed"/>
    <property name="java.runtime.name" value="OpenJDK Runtime Environment"/>
    <property name="file.encoding" value="UTF-8"/>
    <property name="java.vm.name" value="OpenJDK 64-Bit Server VM"/>
    <property name="localRepository" value="/home/abhinav/.m2/repository"/>
    <property name="java.vendor.url.bug" value="http://bugreport.sun.com/bugreport/"/>
    <property name="java.io.tmpdir" value="/tmp"/>
    <property name="java.version" value="1.8.0_252"/>
    <property name="user.dir" value="/home/abhinav/workspace/Java/POMTest"/>
    <property name="os.arch" value="amd64"/>
    <property name="java.vm.specification.name" value="Java Virtual Machine Specification"/>
    <property name="java.awt.printerjob" value="sun.print.PSPrinterJob"/>
    <property name="sun.os.patch.level" value="unknown"/>
    <property name="java.library.path" value="/usr/java/packages/lib/amd64:/usr/lib/x86_64-linux-gnu/jni:/lib/x86_64-linux-gnu:/usr/lib/x86_64-linux-gnu:/usr/lib/jni:/lib:/usr/lib"/>
    <property name="java.vm.info" value="mixed mode"/>
    <property name="java.vendor" value="Private Build"/>
    <property name="java.vm.version" value="25.252-b09"/>
    <property name="java.ext.dirs" value="/usr/lib/jvm/java-8-openjdk-amd64/jre/lib/ext:/usr/java/packages/lib/ext"/>
    <property name="sun.io.unicode.encoding" value="UnicodeLittle"/>
    <property name="java.class.version" value="52.0"/>
  </properties>
</testsuite>