<?xml version="1.0" encoding="UTF-8"?>
<!-- Generated by org.testng.reporters.JUnitReportReporter -->
<testsuite skipped="0" hostname="abhinav-HP-Notebook" name="com.TestingOpencart.AppTest" tests="1" failures="0" timestamp="12 Jun 2020 02:21:42 GMT" time="0.002" errors="0">
  <testcase name="testApp" time="0.002" classname="com.TestingOpencart.AppTest"/>
</testsuite> <!-- com.TestingOpencart.AppTest -->
