<?xml version="1.0" encoding="UTF-8"?>
<!-- Generated by org.testng.reporters.JUnitReportReporter -->
<testsuite skipped="0" hostname="abhinav-HP-Notebook" name="com.TestingOpencart.AppTest" tests="2" failures="0" timestamp="12 Jun 2020 04:40:20 GMT" time="20.399" errors="0">
  <testcase name="verifyHomePageTitle" time="19.773" classname="com.TestingOpencart.AppTest"/>
  <testcase name="verifyLogo" time="0.626" classname="com.TestingOpencart.AppTest"/>
</testsuite> <!-- com.TestingOpencart.AppTest -->
