<?xml version="1.0" encoding="UTF-8"?>
<!-- Generated by org.testng.reporters.JUnitReportReporter -->
<testsuite skipped="0" hostname="abhinav-HP-Notebook" name="com.TestCases.Opencart_Click" tests="1" failures="0" timestamp="13 Jun 2020 06:14:40 GMT" time="7.317" errors="0">
  <testcase name="FuncCeck" time="7.317" classname="com.TestCases.Opencart_Click"/>
</testsuite> <!-- com.TestCases.Opencart_Click -->
